<?xml version="1.0" encoding="utf-8"?><testsuites name="pytest tests"><testsuite name="pytest" errors="0" failures="0" skipped="0" tests="15" time="1.980" timestamp="2026-02-22T08:48:29.852214+00:00" hostname="agent-env-4e0d68eb-9c21-45f2-9780-dcf99195db62"><testcase classname="tests.test_backend_api.TestRootEndpoint" name="test_api_root_returns_operational" time="0.162" /><testcase classname="tests.test_backend_api.TestAuthEndpoints" name="test_auth_me_without_token_returns_401" time="0.145" /><testcase classname="tests.test_backend_api.TestAuthEndpoints" name="test_auth_me_with_invalid_token_returns_401" time="0.135" /><testcase classname="tests.test_backend_api.TestAuthEndpoints" name="test_auth_me_with_valid_token_returns_user" time="0.113" /><testcase classname="tests.test_backend_api.TestProtectedEndpoints" name="test_profile_requires_auth" time="0.100" /><testcase classname="tests.test_backend_api.TestProtectedEndpoints" name="test_dashboard_requires_auth" time="0.123" /><testcase classname="tests.test_backend_api.TestProtectedEndpoints" name="test_modules_requires_auth" time="0.106" /><testcase classname="tests.test_backend_api.TestAuthenticatedEndpoints" name="test_get_dashboard_returns_data" time="0.123" /><testcase classname="tests.test_backend_api.TestAuthenticatedEndpoints" name="test_get_modules_returns_list" time="0.115" /><testcase classname="tests.test_backend_api.TestAuthenticatedEndpoints" name="test_profile_returns_null_for_new_user" time="0.134" /><testcase classname="tests.test_backend_api.TestChatEndpoints" name="test_create_chat_session" time="0.103" /><testcase classname="tests.test_backend_api.TestChatEndpoints" name="test_get_chat_sessions" time="0.116" /><testcase classname="tests.test_backend_api.TestAssessmentEndpoints" name="test_get_phq9_questions" time="0.098" /><testcase classname="tests.test_backend_api.TestAssessmentEndpoints" name="test_get_gad7_questions" time="0.102" /><testcase classname="tests.test_backend_api.TestLogoutEndpoint" name="test_logout_succeeds" time="0.108" /></testsuite></testsuites>