<?xml version="1.0" encoding="utf-8"?><testsuites name="pytest tests"><testsuite name="pytest" errors="0" failures="0" skipped="0" tests="20" time="2.663" timestamp="2026-02-22T09:05:14.574434+00:00" hostname="agent-env-4e0d68eb-9c21-45f2-9780-dcf99195db62"><testcase classname="backend.tests.test_new_features.TestAppointmentEndpoints" name="test_book_appointment_success" time="0.155" /><testcase classname="backend.tests.test_new_features.TestAppointmentEndpoints" name="test_get_appointments_returns_list" time="0.106" /><testcase classname="backend.tests.test_new_features.TestAppointmentEndpoints" name="test_appointments_requires_auth" time="0.097" /><testcase classname="backend.tests.test_new_features.TestAppointmentEndpoints" name="test_book_appointment_requires_auth" time="0.136" /><testcase classname="backend.tests.test_new_features.TestJournalEndpoints" name="test_create_journal_entry_success" time="0.108" /><testcase classname="backend.tests.test_new_features.TestJournalEndpoints" name="test_create_journal_entry_negative_sentiment" time="0.108" /><testcase classname="backend.tests.test_new_features.TestJournalEndpoints" name="test_get_journal_entries_returns_list" time="0.104" /><testcase classname="backend.tests.test_new_features.TestJournalEndpoints" name="test_get_journal_prompts_returns_prompts" time="0.110" /><testcase classname="backend.tests.test_new_features.TestJournalEndpoints" name="test_journal_requires_auth" time="0.200" /><testcase classname="backend.tests.test_new_features.TestCommunityEndpoints" name="test_create_community_post_success" time="0.117" /><testcase classname="backend.tests.test_new_features.TestCommunityEndpoints" name="test_get_community_posts_all" time="0.101" /><testcase classname="backend.tests.test_new_features.TestCommunityEndpoints" name="test_get_community_posts_by_category" time="0.114" /><testcase classname="backend.tests.test_new_features.TestCommunityEndpoints" name="test_like_post" time="0.206" /><testcase classname="backend.tests.test_new_features.TestCommunityEndpoints" name="test_add_comment" time="0.217" /><testcase classname="backend.tests.test_new_features.TestCommunityEndpoints" name="test_community_requires_auth" time="0.103" /><testcase classname="backend.tests.test_new_features.TestInsightsEndpoints" name="test_get_weekly_insight_no_data" time="0.106" /><testcase classname="backend.tests.test_new_features.TestInsightsEndpoints" name="test_insights_requires_auth" time="0.103" /><testcase classname="backend.tests.test_new_features.TestGoalsEndpoints" name="test_create_goal_success" time="0.123" /><testcase classname="backend.tests.test_new_features.TestGoalsEndpoints" name="test_get_goals_returns_list" time="0.110" /><testcase classname="backend.tests.test_new_features.TestGoalsEndpoints" name="test_goals_requires_auth" time="0.109" /></testsuite></testsuites>